The system is: Linux - 2.6.32-29-generic - i686
Compiling the C compiler identification source file "CMakeCCompilerId.c" succeeded.
Compiler: /usr/bin/cc 
Build flags: 
Id flags: 

The output was:
0


Compilation of the C compiler identification source "CMakeCCompilerId.c" produced "a.out"

The C compiler identification is GNU, found in "/home/dprodriguez/fuerte_workspace/sandbox/image_gps_assoc/build/CMakeFiles/2.8.12.1/CompilerIdC/a.out"

Compiling the CXX compiler identification source file "CMakeCXXCompilerId.cpp" succeeded.
Compiler: /usr/bin/c++ 
Build flags: 
Id flags: 

The output was:
0


Compilation of the CXX compiler identification source "CMakeCXXCompilerId.cpp" produced "a.out"

The CXX compiler identification is GNU, found in "/home/dprodriguez/fuerte_workspace/sandbox/image_gps_assoc/build/CMakeFiles/2.8.12.1/CompilerIdCXX/a.out"

Determining if the C compiler works passed with the following output:
Change Dir: /home/dprodriguez/fuerte_workspace/sandbox/image_gps_assoc/build/CMakeFiles/CMakeTmp

Run Build Command:/usr/bin/make "cmTryCompileExec4120053203/fast"
make[1]: Entering directory `/home/dprodriguez/fuerte_workspace/sandbox/image_gps_assoc/build/CMakeFiles/CMakeTmp'
/usr/bin/make -f CMakeFiles/cmTryCompileExec4120053203.dir/build.make CMakeFiles/cmTryCompileExec4120053203.dir/build
make[2]: Entering directory `/home/dprodriguez/fuerte_workspace/sandbox/image_gps_assoc/build/CMakeFiles/CMakeTmp'
/usr/local/bin/cmake -E cmake_progress_report /home/dprodriguez/fuerte_workspace/sandbox/image_gps_assoc/build/CMakeFiles/CMakeTmp/CMakeFiles 1
Building C object CMakeFiles/cmTryCompileExec4120053203.dir/testCCompiler.c.o
/usr/bin/cc    -o CMakeFiles/cmTryCompileExec4120053203.dir/testCCompiler.c.o   -c /home/dprodriguez/fuerte_workspace/sandbox/image_gps_assoc/build/CMakeFiles/CMakeTmp/testCCompiler.c
Linking C executable cmTryCompileExec4120053203
/usr/local/bin/cmake -E cmake_link_script CMakeFiles/cmTryCompileExec4120053203.dir/link.txt --verbose=1
/usr/bin/cc       CMakeFiles/cmTryCompileExec4120053203.dir/testCCompiler.c.o  -o cmTryCompileExec4120053203 -rdynamic 
make[2]: Leaving directory `/home/dprodriguez/fuerte_workspace/sandbox/image_gps_assoc/build/CMakeFiles/CMakeTmp'
make[1]: Leaving directory `/home/dprodriguez/fuerte_workspace/sandbox/image_gps_assoc/build/CMakeFiles/CMakeTmp'


Detecting C compiler ABI info compiled with the following output:
Change Dir: /home/dprodriguez/fuerte_workspace/sandbox/image_gps_assoc/build/CMakeFiles/CMakeTmp

Run Build Command:/usr/bin/make "cmTryCompileExec944137493/fast"
make[1]: Entering directory `/home/dprodriguez/fuerte_workspace/sandbox/image_gps_assoc/build/CMakeFiles/CMakeTmp'
/usr/bin/make -f CMakeFiles/cmTryCompileExec944137493.dir/build.make CMakeFiles/cmTryCompileExec944137493.dir/build
make[2]: Entering directory `/home/dprodriguez/fuerte_workspace/sandbox/image_gps_assoc/build/CMakeFiles/CMakeTmp'
/usr/local/bin/cmake -E cmake_progress_report /home/dprodriguez/fuerte_workspace/sandbox/image_gps_assoc/build/CMakeFiles/CMakeTmp/CMakeFiles 1
Building C object CMakeFiles/cmTryCompileExec944137493.dir/CMakeCCompilerABI.c.o
/usr/bin/cc    -o CMakeFiles/cmTryCompileExec944137493.dir/CMakeCCompilerABI.c.o   -c /usr/local/share/cmake-2.8/Modules/CMakeCCompilerABI.c
Linking C executable cmTryCompileExec944137493
/usr/local/bin/cmake -E cmake_link_script CMakeFiles/cmTryCompileExec944137493.dir/link.txt --verbose=1
/usr/bin/cc     -v CMakeFiles/cmTryCompileExec944137493.dir/CMakeCCompilerABI.c.o  -o cmTryCompileExec944137493 -rdynamic  
Using built-in specs.
COLLECT_GCC=/usr/bin/cc
COLLECT_LTO_WRAPPER=/usr/lib/gcc/i486-linux-gnu/4.8/lto-wrapper
Target: i486-linux-gnu
Configured with: ../src/configure -v --with-pkgversion='Ubuntu 4.8.1-2ubuntu1~10.04.1' --with-bugurl=file:///usr/share/doc/gcc-4.8/README.Bugs --enable-languages=c,c++,java,go,d,fortran,objc,obj-c++ --prefix=/usr --program-suffix=-4.8 --enable-shared --enable-linker-build-id --libexecdir=/usr/lib --without-included-gettext --enable-threads=posix --with-gxx-include-dir=/usr/include/c++/4.8 --libdir=/usr/lib --enable-nls --enable-clocale=gnu --enable-libstdcxx-debug --enable-libstdcxx-time=yes --enable-gnu-unique-object --enable-plugin --with-system-zlib --disable-browser-plugin --enable-java-awt=gtk --enable-gtk-cairo --with-java-home=/usr/lib/jvm/java-1.5.0-gcj-4.8-i386/jre --enable-java-home --with-jvm-root-dir=/usr/lib/jvm/java-1.5.0-gcj-4.8-i386 --with-jvm-jar-dir=/usr/lib/jvm-exports/java-1.5.0-gcj-4.8-i386 --with-arch-directory=i386 --with-ecj-jar=/usr/share/java/eclipse-ecj.jar --enable-objc-gc --enable-targets=all --disable-werror --with-arch-32=i586 --with-multilib-list=m32,m64 --with-tune=generic --enable-checking=release --build=i486-linux-gnu --host=i486-linux-gnu --target=i486-linux-gnu
Thread model: posix
gcc version 4.8.1 (Ubuntu 4.8.1-2ubuntu1~10.04.1) 
COMPILER_PATH=/usr/lib/gcc/i486-linux-gnu/4.8/:/usr/lib/gcc/i486-linux-gnu/4.8/:/usr/lib/gcc/i486-linux-gnu/:/usr/lib/gcc/i486-linux-gnu/4.8/:/usr/lib/gcc/i486-linux-gnu/
LIBRARY_PATH=/usr/lib/gcc/i486-linux-gnu/4.8/:/usr/lib/gcc/i486-linux-gnu/4.8/../../../../lib/:/lib/../lib/:/usr/lib/../lib/:/usr/lib/gcc/i486-linux-gnu/4.8/../../../:/lib/:/usr/lib/
COLLECT_GCC_OPTIONS='-v' '-o' 'cmTryCompileExec944137493' '-rdynamic' '-mtune=generic' '-march=i586'
 /usr/lib/gcc/i486-linux-gnu/4.8/collect2 --build-id --eh-frame-hdr -m elf_i386 --hash-style=both -export-dynamic -dynamic-linker /lib/ld-linux.so.2 -z relro -o cmTryCompileExec944137493 /usr/lib/gcc/i486-linux-gnu/4.8/../../../../lib/crt1.o /usr/lib/gcc/i486-linux-gnu/4.8/../../../../lib/crti.o /usr/lib/gcc/i486-linux-gnu/4.8/crtbegin.o -L/usr/lib/gcc/i486-linux-gnu/4.8 -L/usr/lib/gcc/i486-linux-gnu/4.8/../../../../lib -L/lib/../lib -L/usr/lib/../lib -L/usr/lib/gcc/i486-linux-gnu/4.8/../../.. CMakeFiles/cmTryCompileExec944137493.dir/CMakeCCompilerABI.c.o -lgcc --as-needed -lgcc_s --no-as-needed -lc -lgcc --as-needed -lgcc_s --no-as-needed /usr/lib/gcc/i486-linux-gnu/4.8/crtend.o /usr/lib/gcc/i486-linux-gnu/4.8/../../../../lib/crtn.o
make[2]: Leaving directory `/home/dprodriguez/fuerte_workspace/sandbox/image_gps_assoc/build/CMakeFiles/CMakeTmp'
make[1]: Leaving directory `/home/dprodriguez/fuerte_workspace/sandbox/image_gps_assoc/build/CMakeFiles/CMakeTmp'


Parsed C implicit link information from above output:
  link line regex: [^( *|.*[/\])(ld|([^/\]+-)?ld|collect2)[^/\]*( |$)]
  ignore line: [Change Dir: /home/dprodriguez/fuerte_workspace/sandbox/image_gps_assoc/build/CMakeFiles/CMakeTmp]
  ignore line: []
  ignore line: [Run Build Command:/usr/bin/make "cmTryCompileExec944137493/fast"]
  ignore line: [make[1]: Entering directory `/home/dprodriguez/fuerte_workspace/sandbox/image_gps_assoc/build/CMakeFiles/CMakeTmp']
  ignore line: [/usr/bin/make -f CMakeFiles/cmTryCompileExec944137493.dir/build.make CMakeFiles/cmTryCompileExec944137493.dir/build]
  ignore line: [make[2]: Entering directory `/home/dprodriguez/fuerte_workspace/sandbox/image_gps_assoc/build/CMakeFiles/CMakeTmp']
  ignore line: [/usr/local/bin/cmake -E cmake_progress_report /home/dprodriguez/fuerte_workspace/sandbox/image_gps_assoc/build/CMakeFiles/CMakeTmp/CMakeFiles 1]
  ignore line: [Building C object CMakeFiles/cmTryCompileExec944137493.dir/CMakeCCompilerABI.c.o]
  ignore line: [/usr/bin/cc    -o CMakeFiles/cmTryCompileExec944137493.dir/CMakeCCompilerABI.c.o   -c /usr/local/share/cmake-2.8/Modules/CMakeCCompilerABI.c]
  ignore line: [Linking C executable cmTryCompileExec944137493]
  ignore line: [/usr/local/bin/cmake -E cmake_link_script CMakeFiles/cmTryCompileExec944137493.dir/link.txt --verbose=1]
  ignore line: [/usr/bin/cc     -v CMakeFiles/cmTryCompileExec944137493.dir/CMakeCCompilerABI.c.o  -o cmTryCompileExec944137493 -rdynamic  ]
  ignore line: [Using built-in specs.]
  ignore line: [COLLECT_GCC=/usr/bin/cc]
  ignore line: [COLLECT_LTO_WRAPPER=/usr/lib/gcc/i486-linux-gnu/4.8/lto-wrapper]
  ignore line: [Target: i486-linux-gnu]
  ignore line: [Configured with: ../src/configure -v --with-pkgversion='Ubuntu 4.8.1-2ubuntu1~10.04.1' --with-bugurl=file:///usr/share/doc/gcc-4.8/README.Bugs --enable-languages=c,c++,java,go,d,fortran,objc,obj-c++ --prefix=/usr --program-suffix=-4.8 --enable-shared --enable-linker-build-id --libexecdir=/usr/lib --without-included-gettext --enable-threads=posix --with-gxx-include-dir=/usr/include/c++/4.8 --libdir=/usr/lib --enable-nls --enable-clocale=gnu --enable-libstdcxx-debug --enable-libstdcxx-time=yes --enable-gnu-unique-object --enable-plugin --with-system-zlib --disable-browser-plugin --enable-java-awt=gtk --enable-gtk-cairo --with-java-home=/usr/lib/jvm/java-1.5.0-gcj-4.8-i386/jre --enable-java-home --with-jvm-root-dir=/usr/lib/jvm/java-1.5.0-gcj-4.8-i386 --with-jvm-jar-dir=/usr/lib/jvm-exports/java-1.5.0-gcj-4.8-i386 --with-arch-directory=i386 --with-ecj-jar=/usr/share/java/eclipse-ecj.jar --enable-objc-gc --enable-targets=all --disable-werror --with-arch-32=i586 --with-multilib-list=m32,m64 --with-tune=generic --enable-checking=release --build=i486-linux-gnu --host=i486-linux-gnu --target=i486-linux-gnu]
  ignore line: [Thread model: posix]
  ignore line: [gcc version 4.8.1 (Ubuntu 4.8.1-2ubuntu1~10.04.1) ]
  ignore line: [COMPILER_PATH=/usr/lib/gcc/i486-linux-gnu/4.8/:/usr/lib/gcc/i486-linux-gnu/4.8/:/usr/lib/gcc/i486-linux-gnu/:/usr/lib/gcc/i486-linux-gnu/4.8/:/usr/lib/gcc/i486-linux-gnu/]
  ignore line: [LIBRARY_PATH=/usr/lib/gcc/i486-linux-gnu/4.8/:/usr/lib/gcc/i486-linux-gnu/4.8/../../../../lib/:/lib/../lib/:/usr/lib/../lib/:/usr/lib/gcc/i486-linux-gnu/4.8/../../../:/lib/:/usr/lib/]
  ignore line: [COLLECT_GCC_OPTIONS='-v' '-o' 'cmTryCompileExec944137493' '-rdynamic' '-mtune=generic' '-march=i586']
  link line: [ /usr/lib/gcc/i486-linux-gnu/4.8/collect2 --build-id --eh-frame-hdr -m elf_i386 --hash-style=both -export-dynamic -dynamic-linker /lib/ld-linux.so.2 -z relro -o cmTryCompileExec944137493 /usr/lib/gcc/i486-linux-gnu/4.8/../../../../lib/crt1.o /usr/lib/gcc/i486-linux-gnu/4.8/../../../../lib/crti.o /usr/lib/gcc/i486-linux-gnu/4.8/crtbegin.o -L/usr/lib/gcc/i486-linux-gnu/4.8 -L/usr/lib/gcc/i486-linux-gnu/4.8/../../../../lib -L/lib/../lib -L/usr/lib/../lib -L/usr/lib/gcc/i486-linux-gnu/4.8/../../.. CMakeFiles/cmTryCompileExec944137493.dir/CMakeCCompilerABI.c.o -lgcc --as-needed -lgcc_s --no-as-needed -lc -lgcc --as-needed -lgcc_s --no-as-needed /usr/lib/gcc/i486-linux-gnu/4.8/crtend.o /usr/lib/gcc/i486-linux-gnu/4.8/../../../../lib/crtn.o]
    arg [/usr/lib/gcc/i486-linux-gnu/4.8/collect2] ==> ignore
    arg [--build-id] ==> ignore
    arg [--eh-frame-hdr] ==> ignore
    arg [-m] ==> ignore
    arg [elf_i386] ==> ignore
    arg [--hash-style=both] ==> ignore
    arg [-export-dynamic] ==> ignore
    arg [-dynamic-linker] ==> ignore
    arg [/lib/ld-linux.so.2] ==> ignore
    arg [-zrelro] ==> ignore
    arg [-o] ==> ignore
    arg [cmTryCompileExec944137493] ==> ignore
    arg [/usr/lib/gcc/i486-linux-gnu/4.8/../../../../lib/crt1.o] ==> ignore
    arg [/usr/lib/gcc/i486-linux-gnu/4.8/../../../../lib/crti.o] ==> ignore
    arg [/usr/lib/gcc/i486-linux-gnu/4.8/crtbegin.o] ==> ignore
    arg [-L/usr/lib/gcc/i486-linux-gnu/4.8] ==> dir [/usr/lib/gcc/i486-linux-gnu/4.8]
    arg [-L/usr/lib/gcc/i486-linux-gnu/4.8/../../../../lib] ==> dir [/usr/lib/gcc/i486-linux-gnu/4.8/../../../../lib]
    arg [-L/lib/../lib] ==> dir [/lib/../lib]
    arg [-L/usr/lib/../lib] ==> dir [/usr/lib/../lib]
    arg [-L/usr/lib/gcc/i486-linux-gnu/4.8/../../..] ==> dir [/usr/lib/gcc/i486-linux-gnu/4.8/../../..]
    arg [CMakeFiles/cmTryCompileExec944137493.dir/CMakeCCompilerABI.c.o] ==> ignore
    arg [-lgcc] ==> lib [gcc]
    arg [--as-needed] ==> ignore
    arg [-lgcc_s] ==> lib [gcc_s]
    arg [--no-as-needed] ==> ignore
    arg [-lc] ==> lib [c]
    arg [-lgcc] ==> lib [gcc]
    arg [--as-needed] ==> ignore
    arg [-lgcc_s] ==> lib [gcc_s]
    arg [--no-as-needed] ==> ignore
    arg [/usr/lib/gcc/i486-linux-gnu/4.8/crtend.o] ==> ignore
    arg [/usr/lib/gcc/i486-linux-gnu/4.8/../../../../lib/crtn.o] ==> ignore
  remove lib [gcc]
  remove lib [gcc_s]
  remove lib [gcc]
  remove lib [gcc_s]
  collapse library dir [/usr/lib/gcc/i486-linux-gnu/4.8] ==> [/usr/lib/gcc/i486-linux-gnu/4.8]
  collapse library dir [/usr/lib/gcc/i486-linux-gnu/4.8/../../../../lib] ==> [/usr/lib]
  collapse library dir [/lib/../lib] ==> [/lib]
  collapse library dir [/usr/lib/../lib] ==> [/usr/lib]
  collapse library dir [/usr/lib/gcc/i486-linux-gnu/4.8/../../..] ==> [/usr/lib]
  implicit libs: [c]
  implicit dirs: [/usr/lib/gcc/i486-linux-gnu/4.8;/usr/lib;/lib]
  implicit fwks: []


Determining if the CXX compiler works passed with the following output:
Change Dir: /home/dprodriguez/fuerte_workspace/sandbox/image_gps_assoc/build/CMakeFiles/CMakeTmp

Run Build Command:/usr/bin/make "cmTryCompileExec1194754676/fast"
make[1]: Entering directory `/home/dprodriguez/fuerte_workspace/sandbox/image_gps_assoc/build/CMakeFiles/CMakeTmp'
/usr/bin/make -f CMakeFiles/cmTryCompileExec1194754676.dir/build.make CMakeFiles/cmTryCompileExec1194754676.dir/build
make[2]: Entering directory `/home/dprodriguez/fuerte_workspace/sandbox/image_gps_assoc/build/CMakeFiles/CMakeTmp'
/usr/local/bin/cmake -E cmake_progress_report /home/dprodriguez/fuerte_workspace/sandbox/image_gps_assoc/build/CMakeFiles/CMakeTmp/CMakeFiles 1
Building CXX object CMakeFiles/cmTryCompileExec1194754676.dir/testCXXCompiler.cxx.o
/usr/bin/c++     -o CMakeFiles/cmTryCompileExec1194754676.dir/testCXXCompiler.cxx.o -c /home/dprodriguez/fuerte_workspace/sandbox/image_gps_assoc/build/CMakeFiles/CMakeTmp/testCXXCompiler.cxx
Linking CXX executable cmTryCompileExec1194754676
/usr/local/bin/cmake -E cmake_link_script CMakeFiles/cmTryCompileExec1194754676.dir/link.txt --verbose=1
/usr/bin/c++        CMakeFiles/cmTryCompileExec1194754676.dir/testCXXCompiler.cxx.o  -o cmTryCompileExec1194754676 -rdynamic 
make[2]: Leaving directory `/home/dprodriguez/fuerte_workspace/sandbox/image_gps_assoc/build/CMakeFiles/CMakeTmp'
make[1]: Leaving directory `/home/dprodriguez/fuerte_workspace/sandbox/image_gps_assoc/build/CMakeFiles/CMakeTmp'


Detecting CXX compiler ABI info compiled with the following output:
Change Dir: /home/dprodriguez/fuerte_workspace/sandbox/image_gps_assoc/build/CMakeFiles/CMakeTmp

Run Build Command:/usr/bin/make "cmTryCompileExec3030807897/fast"
make[1]: Entering directory `/home/dprodriguez/fuerte_workspace/sandbox/image_gps_assoc/build/CMakeFiles/CMakeTmp'
/usr/bin/make -f CMakeFiles/cmTryCompileExec3030807897.dir/build.make CMakeFiles/cmTryCompileExec3030807897.dir/build
make[2]: Entering directory `/home/dprodriguez/fuerte_workspace/sandbox/image_gps_assoc/build/CMakeFiles/CMakeTmp'
/usr/local/bin/cmake -E cmake_progress_report /home/dprodriguez/fuerte_workspace/sandbox/image_gps_assoc/build/CMakeFiles/CMakeTmp/CMakeFiles 1
Building CXX object CMakeFiles/cmTryCompileExec3030807897.dir/CMakeCXXCompilerABI.cpp.o
/usr/bin/c++     -o CMakeFiles/cmTryCompileExec3030807897.dir/CMakeCXXCompilerABI.cpp.o -c /usr/local/share/cmake-2.8/Modules/CMakeCXXCompilerABI.cpp
Linking CXX executable cmTryCompileExec3030807897
/usr/local/bin/cmake -E cmake_link_script CMakeFiles/cmTryCompileExec3030807897.dir/link.txt --verbose=1
/usr/bin/c++      -v CMakeFiles/cmTryCompileExec3030807897.dir/CMakeCXXCompilerABI.cpp.o  -o cmTryCompileExec3030807897 -rdynamic  
Using built-in specs.
COLLECT_GCC=/usr/bin/c++
COLLECT_LTO_WRAPPER=/usr/lib/gcc/i486-linux-gnu/4.8/lto-wrapper
Target: i486-linux-gnu
Configured with: ../src/configure -v --with-pkgversion='Ubuntu 4.8.1-2ubuntu1~10.04.1' --with-bugurl=file:///usr/share/doc/gcc-4.8/README.Bugs --enable-languages=c,c++,java,go,d,fortran,objc,obj-c++ --prefix=/usr --program-suffix=-4.8 --enable-shared --enable-linker-build-id --libexecdir=/usr/lib --without-included-gettext --enable-threads=posix --with-gxx-include-dir=/usr/include/c++/4.8 --libdir=/usr/lib --enable-nls --enable-clocale=gnu --enable-libstdcxx-debug --enable-libstdcxx-time=yes --enable-gnu-unique-object --enable-plugin --with-system-zlib --disable-browser-plugin --enable-java-awt=gtk --enable-gtk-cairo --with-java-home=/usr/lib/jvm/java-1.5.0-gcj-4.8-i386/jre --enable-java-home --with-jvm-root-dir=/usr/lib/jvm/java-1.5.0-gcj-4.8-i386 --with-jvm-jar-dir=/usr/lib/jvm-exports/java-1.5.0-gcj-4.8-i386 --with-arch-directory=i386 --with-ecj-jar=/usr/share/java/eclipse-ecj.jar --enable-objc-gc --enable-targets=all --disable-werror --with-arch-32=i586 --with-multilib-list=m32,m64 --with-tune=generic --enable-checking=release --build=i486-linux-gnu --host=i486-linux-gnu --target=i486-linux-gnu
Thread model: posix
gcc version 4.8.1 (Ubuntu 4.8.1-2ubuntu1~10.04.1) 
COMPILER_PATH=/usr/lib/gcc/i486-linux-gnu/4.8/:/usr/lib/gcc/i486-linux-gnu/4.8/:/usr/lib/gcc/i486-linux-gnu/:/usr/lib/gcc/i486-linux-gnu/4.8/:/usr/lib/gcc/i486-linux-gnu/
LIBRARY_PATH=/usr/lib/gcc/i486-linux-gnu/4.8/:/usr/lib/gcc/i486-linux-gnu/4.8/../../../../lib/:/lib/../lib/:/usr/lib/../lib/:/usr/lib/gcc/i486-linux-gnu/4.8/../../../:/lib/:/usr/lib/
COLLECT_GCC_OPTIONS='-v' '-o' 'cmTryCompileExec3030807897' '-rdynamic' '-shared-libgcc' '-mtune=generic' '-march=i586'
 /usr/lib/gcc/i486-linux-gnu/4.8/collect2 --build-id --eh-frame-hdr -m elf_i386 --hash-style=both -export-dynamic -dynamic-linker /lib/ld-linux.so.2 -z relro -o cmTryCompileExec3030807897 /usr/lib/gcc/i486-linux-gnu/4.8/../../../../lib/crt1.o /usr/lib/gcc/i486-linux-gnu/4.8/../../../../lib/crti.o /usr/lib/gcc/i486-linux-gnu/4.8/crtbegin.o -L/usr/lib/gcc/i486-linux-gnu/4.8 -L/usr/lib/gcc/i486-linux-gnu/4.8/../../../../lib -L/lib/../lib -L/usr/lib/../lib -L/usr/lib/gcc/i486-linux-gnu/4.8/../../.. CMakeFiles/cmTryCompileExec3030807897.dir/CMakeCXXCompilerABI.cpp.o -lstdc++ -lm -lgcc_s -lgcc -lc -lgcc_s -lgcc /usr/lib/gcc/i486-linux-gnu/4.8/crtend.o /usr/lib/gcc/i486-linux-gnu/4.8/../../../../lib/crtn.o
make[2]: Leaving directory `/home/dprodriguez/fuerte_workspace/sandbox/image_gps_assoc/build/CMakeFiles/CMakeTmp'
make[1]: Leaving directory `/home/dprodriguez/fuerte_workspace/sandbox/image_gps_assoc/build/CMakeFiles/CMakeTmp'


Parsed CXX implicit link information from above output:
  link line regex: [^( *|.*[/\])(ld|([^/\]+-)?ld|collect2)[^/\]*( |$)]
  ignore line: [Change Dir: /home/dprodriguez/fuerte_workspace/sandbox/image_gps_assoc/build/CMakeFiles/CMakeTmp]
  ignore line: []
  ignore line: [Run Build Command:/usr/bin/make "cmTryCompileExec3030807897/fast"]
  ignore line: [make[1]: Entering directory `/home/dprodriguez/fuerte_workspace/sandbox/image_gps_assoc/build/CMakeFiles/CMakeTmp']
  ignore line: [/usr/bin/make -f CMakeFiles/cmTryCompileExec3030807897.dir/build.make CMakeFiles/cmTryCompileExec3030807897.dir/build]
  ignore line: [make[2]: Entering directory `/home/dprodriguez/fuerte_workspace/sandbox/image_gps_assoc/build/CMakeFiles/CMakeTmp']
  ignore line: [/usr/local/bin/cmake -E cmake_progress_report /home/dprodriguez/fuerte_workspace/sandbox/image_gps_assoc/build/CMakeFiles/CMakeTmp/CMakeFiles 1]
  ignore line: [Building CXX object CMakeFiles/cmTryCompileExec3030807897.dir/CMakeCXXCompilerABI.cpp.o]
  ignore line: [/usr/bin/c++     -o CMakeFiles/cmTryCompileExec3030807897.dir/CMakeCXXCompilerABI.cpp.o -c /usr/local/share/cmake-2.8/Modules/CMakeCXXCompilerABI.cpp]
  ignore line: [Linking CXX executable cmTryCompileExec3030807897]
  ignore line: [/usr/local/bin/cmake -E cmake_link_script CMakeFiles/cmTryCompileExec3030807897.dir/link.txt --verbose=1]
  ignore line: [/usr/bin/c++      -v CMakeFiles/cmTryCompileExec3030807897.dir/CMakeCXXCompilerABI.cpp.o  -o cmTryCompileExec3030807897 -rdynamic  ]
  ignore line: [Using built-in specs.]
  ignore line: [COLLECT_GCC=/usr/bin/c++]
  ignore line: [COLLECT_LTO_WRAPPER=/usr/lib/gcc/i486-linux-gnu/4.8/lto-wrapper]
  ignore line: [Target: i486-linux-gnu]
  ignore line: [Configured with: ../src/configure -v --with-pkgversion='Ubuntu 4.8.1-2ubuntu1~10.04.1' --with-bugurl=file:///usr/share/doc/gcc-4.8/README.Bugs --enable-languages=c,c++,java,go,d,fortran,objc,obj-c++ --prefix=/usr --program-suffix=-4.8 --enable-shared --enable-linker-build-id --libexecdir=/usr/lib --without-included-gettext --enable-threads=posix --with-gxx-include-dir=/usr/include/c++/4.8 --libdir=/usr/lib --enable-nls --enable-clocale=gnu --enable-libstdcxx-debug --enable-libstdcxx-time=yes --enable-gnu-unique-object --enable-plugin --with-system-zlib --disable-browser-plugin --enable-java-awt=gtk --enable-gtk-cairo --with-java-home=/usr/lib/jvm/java-1.5.0-gcj-4.8-i386/jre --enable-java-home --with-jvm-root-dir=/usr/lib/jvm/java-1.5.0-gcj-4.8-i386 --with-jvm-jar-dir=/usr/lib/jvm-exports/java-1.5.0-gcj-4.8-i386 --with-arch-directory=i386 --with-ecj-jar=/usr/share/java/eclipse-ecj.jar --enable-objc-gc --enable-targets=all --disable-werror --with-arch-32=i586 --with-multilib-list=m32,m64 --with-tune=generic --enable-checking=release --build=i486-linux-gnu --host=i486-linux-gnu --target=i486-linux-gnu]
  ignore line: [Thread model: posix]
  ignore line: [gcc version 4.8.1 (Ubuntu 4.8.1-2ubuntu1~10.04.1) ]
  ignore line: [COMPILER_PATH=/usr/lib/gcc/i486-linux-gnu/4.8/:/usr/lib/gcc/i486-linux-gnu/4.8/:/usr/lib/gcc/i486-linux-gnu/:/usr/lib/gcc/i486-linux-gnu/4.8/:/usr/lib/gcc/i486-linux-gnu/]
  ignore line: [LIBRARY_PATH=/usr/lib/gcc/i486-linux-gnu/4.8/:/usr/lib/gcc/i486-linux-gnu/4.8/../../../../lib/:/lib/../lib/:/usr/lib/../lib/:/usr/lib/gcc/i486-linux-gnu/4.8/../../../:/lib/:/usr/lib/]
  ignore line: [COLLECT_GCC_OPTIONS='-v' '-o' 'cmTryCompileExec3030807897' '-rdynamic' '-shared-libgcc' '-mtune=generic' '-march=i586']
  link line: [ /usr/lib/gcc/i486-linux-gnu/4.8/collect2 --build-id --eh-frame-hdr -m elf_i386 --hash-style=both -export-dynamic -dynamic-linker /lib/ld-linux.so.2 -z relro -o cmTryCompileExec3030807897 /usr/lib/gcc/i486-linux-gnu/4.8/../../../../lib/crt1.o /usr/lib/gcc/i486-linux-gnu/4.8/../../../../lib/crti.o /usr/lib/gcc/i486-linux-gnu/4.8/crtbegin.o -L/usr/lib/gcc/i486-linux-gnu/4.8 -L/usr/lib/gcc/i486-linux-gnu/4.8/../../../../lib -L/lib/../lib -L/usr/lib/../lib -L/usr/lib/gcc/i486-linux-gnu/4.8/../../.. CMakeFiles/cmTryCompileExec3030807897.dir/CMakeCXXCompilerABI.cpp.o -lstdc++ -lm -lgcc_s -lgcc -lc -lgcc_s -lgcc /usr/lib/gcc/i486-linux-gnu/4.8/crtend.o /usr/lib/gcc/i486-linux-gnu/4.8/../../../../lib/crtn.o]
    arg [/usr/lib/gcc/i486-linux-gnu/4.8/collect2] ==> ignore
    arg [--build-id] ==> ignore
    arg [--eh-frame-hdr] ==> ignore
    arg [-m] ==> ignore
    arg [elf_i386] ==> ignore
    arg [--hash-style=both] ==> ignore
    arg [-export-dynamic] ==> ignore
    arg [-dynamic-linker] ==> ignore
    arg [/lib/ld-linux.so.2] ==> ignore
    arg [-zrelro] ==> ignore
    arg [-o] ==> ignore
    arg [cmTryCompileExec3030807897] ==> ignore
    arg [/usr/lib/gcc/i486-linux-gnu/4.8/../../../../lib/crt1.o] ==> ignore
    arg [/usr/lib/gcc/i486-linux-gnu/4.8/../../../../lib/crti.o] ==> ignore
    arg [/usr/lib/gcc/i486-linux-gnu/4.8/crtbegin.o] ==> ignore
    arg [-L/usr/lib/gcc/i486-linux-gnu/4.8] ==> dir [/usr/lib/gcc/i486-linux-gnu/4.8]
    arg [-L/usr/lib/gcc/i486-linux-gnu/4.8/../../../../lib] ==> dir [/usr/lib/gcc/i486-linux-gnu/4.8/../../../../lib]
    arg [-L/lib/../lib] ==> dir [/lib/../lib]
    arg [-L/usr/lib/../lib] ==> dir [/usr/lib/../lib]
    arg [-L/usr/lib/gcc/i486-linux-gnu/4.8/../../..] ==> dir [/usr/lib/gcc/i486-linux-gnu/4.8/../../..]
    arg [CMakeFiles/cmTryCompileExec3030807897.dir/CMakeCXXCompilerABI.cpp.o] ==> ignore
    arg [-lstdc++] ==> lib [stdc++]
    arg [-lm] ==> lib [m]
    arg [-lgcc_s] ==> lib [gcc_s]
    arg [-lgcc] ==> lib [gcc]
    arg [-lc] ==> lib [c]
    arg [-lgcc_s] ==> lib [gcc_s]
    arg [-lgcc] ==> lib [gcc]
    arg [/usr/lib/gcc/i486-linux-gnu/4.8/crtend.o] ==> ignore
    arg [/usr/lib/gcc/i486-linux-gnu/4.8/../../../../lib/crtn.o] ==> ignore
  remove lib [gcc_s]
  remove lib [gcc]
  remove lib [gcc_s]
  remove lib [gcc]
  collapse library dir [/usr/lib/gcc/i486-linux-gnu/4.8] ==> [/usr/lib/gcc/i486-linux-gnu/4.8]
  collapse library dir [/usr/lib/gcc/i486-linux-gnu/4.8/../../../../lib] ==> [/usr/lib]
  collapse library dir [/lib/../lib] ==> [/lib]
  collapse library dir [/usr/lib/../lib] ==> [/usr/lib]
  collapse library dir [/usr/lib/gcc/i486-linux-gnu/4.8/../../..] ==> [/usr/lib]
  implicit libs: [stdc++;m;c]
  implicit dirs: [/usr/lib/gcc/i486-linux-gnu/4.8;/usr/lib;/lib]
  implicit fwks: []


